# JRE version: OpenJDK Runtime Environment (8.0_152-b01) (build 1.8.0_152-release-1024-b01)
# Java VM: OpenJDK 64-Bit Server VM (25.152-b01 mixed mode linux-amd64 compressed oops)
Heap:
 PSYoungGen      total 303104K, used 0K [0x00000000e0000000, 0x0000000100000000, 0x0000000100000000)
  eden space 221184K, 0% used [0x00000000e0000000,0x00000000e0000000,0x00000000ed800000)
  from space 81920K, 0% used [0x00000000fb000000,0x00000000fb000000,0x0000000100000000)
  to   space 151552K, 0% used [0x00000000ed800000,0x00000000ed800000,0x00000000f6c00000)
 ParOldGen       total 257536K, used 168932K [0x00000000a0000000, 0x00000000afb80000, 0x00000000e0000000)
  object space 257536K, 65% used [0x00000000a0000000,0x00000000aa4f91f8,0x00000000afb80000)
 Metaspace       used 95162K, capacity 101038K, committed 101336K, reserved 1138688K
  class space    used 11792K, capacity 12751K, committed 12800K, reserved 1048576K
GC Heap History (10 events):
Event: 6506,282 GC heap after
Heap after GC invocations=52 (full 6):
 PSYoungGen      total 461824K, used 13987K [0x00000000e0000000, 0x00000000ff780000, 0x0000000100000000)
  eden space 411136K, 0% used [0x00000000e0000000,0x00000000e0000000,0x00000000f9180000)
  from space 50688K, 27% used [0x00000000fc600000,0x00000000fd3a8e98,0x00000000ff780000)
  to   space 52224K, 0% used [0x00000000f9180000,0x00000000f9180000,0x00000000fc480000)
 ParOldGen       total 233472K, used 71233K [0x00000000a0000000, 0x00000000ae400000, 0x00000000e0000000)
  object space 233472K, 30% used [0x00000000a0000000,0x00000000a4590678,0x00000000ae400000)
 Metaspace       used 95159K, capacity 101148K, committed 101336K, reserved 1138688K
  class space    used 11814K, capacity 12792K, committed 12800K, reserved 1048576K
}
Event: 6507,427 GC heap before
{Heap before GC invocations=53 (full 6):
 PSYoungGen      total 461824K, used 425123K [0x00000000e0000000, 0x00000000ff780000, 0x0000000100000000)
  eden space 411136K, 100% used [0x00000000e0000000,0x00000000f9180000,0x00000000f9180000)
  from space 50688K, 27% used [0x00000000fc600000,0x00000000fd3a8e98,0x00000000ff780000)
  to   space 52224K, 0% used [0x00000000f9180000,0x00000000f9180000,0x00000000fc480000)
 ParOldGen       total 233472K, used 71233K [0x00000000a0000000, 0x00000000ae400000, 0x00000000e0000000)
  object space 233472K, 30% used [0x00000000a0000000,0x00000000a4590678,0x00000000ae400000)
 Metaspace       used 95236K, capacity 101212K, committed 101336K, reserved 1138688K
  class space    used 11814K, capacity 12792K, committed 12800K, reserved 1048576K
Event: 6507,442 GC heap after
Heap after GC invocations=53 (full 6):
 PSYoungGen      total 463360K, used 5716K [0x00000000e0000000, 0x00000000ffe80000, 0x0000000100000000)
  eden space 411136K, 0% used [0x00000000e0000000,0x00000000e0000000,0x00000000f9180000)
  from space 52224K, 10% used [0x00000000f9180000,0x00000000f97153f0,0x00000000fc480000)
  to   space 50688K, 0% used [0x00000000fcd00000,0x00000000fcd00000,0x00000000ffe80000)
 ParOldGen       total 233472K, used 78379K [0x00000000a0000000, 0x00000000ae400000, 0x00000000e0000000)
  object space 233472K, 33% used [0x00000000a0000000,0x00000000a4c8ae28,0x00000000ae400000)
 Metaspace       used 95236K, capacity 101212K, committed 101336K, reserved 1138688K
  class space    used 11814K, capacity 12792K, committed 12800K, reserved 1048576K
}
Event: 6508,521 GC heap before
{Heap before GC invocations=54 (full 6):
 PSYoungGen      total 463360K, used 416852K [0x00000000e0000000, 0x00000000ffe80000, 0x0000000100000000)
  eden space 411136K, 100% used [0x00000000e0000000,0x00000000f9180000,0x00000000f9180000)
  from space 52224K, 10% used [0x00000000f9180000,0x00000000f97153f0,0x00000000fc480000)
  to   space 50688K, 0% used [0x00000000fcd00000,0x00000000fcd00000,0x00000000ffe80000)
 ParOldGen       total 233472K, used 78379K [0x00000000a0000000, 0x00000000ae400000, 0x00000000e0000000)
  object space 233472K, 33% used [0x00000000a0000000,0x00000000a4c8ae28,0x00000000ae400000)
 Metaspace       used 95284K, capacity 101284K, committed 101336K, reserved 1138688K
  class space    used 11814K, capacity 12792K, committed 12800K, reserved 1048576K
Event: 6508,937 GC heap after
Heap after GC invocations=54 (full 6):
 PSYoungGen      total 411136K, used 50679K [0x00000000e0000000, 0x0000000100000000, 0x0000000100000000)
  eden space 360448K, 0% used [0x00000000e0000000,0x00000000e0000000,0x00000000f6000000)
  from space 50688K, 99% used [0x00000000fcd00000,0x00000000ffe7dc90,0x00000000ffe80000)
  to   space 81920K, 0% used [0x00000000f6000000,0x00000000f6000000,0x00000000fb000000)
 ParOldGen       total 233472K, used 136803K [0x00000000a0000000, 0x00000000ae400000, 0x00000000e0000000)
  object space 233472K, 58% used [0x00000000a0000000,0x00000000a8598db8,0x00000000ae400000)
 Metaspace       used 95284K, capacity 101284K, committed 101336K, reserved 1138688K
  class space    used 11814K, capacity 12792K, committed 12800K, reserved 1048576K
}
Event: 6510,579 GC heap before
{Heap before GC invocations=55 (full 6):
 PSYoungGen      total 411136K, used 404649K [0x00000000e0000000, 0x0000000100000000, 0x0000000100000000)
  eden space 360448K, 98% used [0x00000000e0000000,0x00000000f59ac798,0x00000000f6000000)
  from space 50688K, 99% used [0x00000000fcd00000,0x00000000ffe7dc90,0x00000000ffe80000)
  to   space 81920K, 0% used [0x00000000f6000000,0x00000000f6000000,0x00000000fb000000)
 ParOldGen       total 233472K, used 136803K [0x00000000a0000000, 0x00000000ae400000, 0x00000000e0000000)
  object space 233472K, 58% used [0x00000000a0000000,0x00000000a8598db8,0x00000000ae400000)
 Metaspace       used 95295K, capacity 101284K, committed 101336K, reserved 1138688K
  class space    used 11814K, capacity 12792K, committed 12800K, reserved 1048576K
Event: 6510,754 GC heap after
Heap after GC invocations=55 (full 6):
 PSYoungGen      total 442368K, used 81918K [0x00000000e0000000, 0x0000000100000000, 0x0000000100000000)
  eden space 360448K, 0% used [0x00000000e0000000,0x00000000e0000000,0x00000000f6000000)
  from space 81920K, 99% used [0x00000000f6000000,0x00000000fafff9c0,0x00000000fb000000)
  to   space 81920K, 0% used [0x00000000fb000000,0x00000000fb000000,0x0000000100000000)
 ParOldGen       total 233472K, used 166667K [0x00000000a0000000, 0x00000000ae400000, 0x00000000e0000000)
  object space 233472K, 71% used [0x00000000a0000000,0x00000000aa2c2df0,0x00000000ae400000)
 Metaspace       used 95295K, capacity 101284K, committed 101336K, reserved 1138688K
  class space    used 11814K, capacity 12792K, committed 12800K, reserved 1048576K
}
Event: 6511,934 GC heap before
{Heap before GC invocations=56 (full 6):
 PSYoungGen      total 442368K, used 442226K [0x00000000e0000000, 0x0000000100000000, 0x0000000100000000)
  eden space 360448K, 99% used [0x00000000e0000000,0x00000000f5fdcf48,0x00000000f6000000)
  from space 81920K, 99% used [0x00000000f6000000,0x00000000fafff9c0,0x00000000fb000000)
  to   space 81920K, 0% used [0x00000000fb000000,0x00000000fb000000,0x0000000100000000)
 ParOldGen       total 233472K, used 166667K [0x00000000a0000000, 0x00000000ae400000, 0x00000000e0000000)
  object space 233472K, 71% used [0x00000000a0000000,0x00000000aa2c2df0,0x00000000ae400000)
 Metaspace       used 95305K, capacity 101284K, committed 101336K, reserved 1138688K
  class space    used 11814K, capacity 12792K, committed 12800K, reserved 1048576K
Event: 6512,562 GC heap after
Heap after GC invocations=56 (full 6):
 PSYoungGen      total 303104K, used 81905K [0x00000000e0000000, 0x0000000100000000, 0x0000000100000000)
  eden space 221184K, 0% used [0x00000000e0000000,0x00000000e0000000,0x00000000ed800000)
  from space 81920K, 99% used [0x00000000fb000000,0x00000000ffffc410,0x0000000100000000)
  to   space 151552K, 0% used [0x00000000ed800000,0x00000000ed800000,0x00000000f6c00000)
 ParOldGen       total 257536K, used 255309K [0x00000000a0000000, 0x00000000afb80000, 0x00000000e0000000)
  object space 257536K, 99% used [0x00000000a0000000,0x00000000af9535f8,0x00000000afb80000)
 Metaspace       used 95305K, capacity 101284K, committed 101336K, reserved 1138688K
  class space    used 11814K, capacity 12792K, committed 12800K, reserved 1048576K
}
Event: 6513,104 GC heap before
{Heap before GC invocations=57 (full 7):
 PSYoungGen      total 303104K, used 81905K [0x00000000e0000000, 0x0000000100000000, 0x0000000100000000)
  eden space 221184K, 0% used [0x00000000e0000000,0x00000000e0000000,0x00000000ed800000)
  from space 81920K, 99% used [0x00000000fb000000,0x00000000ffffc410,0x0000000100000000)
  to   space 151552K, 0% used [0x00000000ed800000,0x00000000ed800000,0x00000000f6c00000)
 ParOldGen       total 257536K, used 255309K [0x00000000a0000000, 0x00000000afb80000, 0x00000000e0000000)
  object space 257536K, 99% used [0x00000000a0000000,0x00000000af9535f8,0x00000000afb80000)
 Metaspace       used 95305K, capacity 101284K, committed 101336K, reserved 1138688K
  class space    used 11814K, capacity 12792K, committed 12800K, reserved 1048576K

