# JRE version: OpenJDK Runtime Environment (8.0_152-b01) (build 1.8.0_152-release-1024-b01)
# Java VM: OpenJDK 64-Bit Server VM (25.152-b01 mixed mode linux-amd64 compressed oops)
Heap:
 PSYoungGen      total 482816K, used 0K [0x00000000e0000000, 0x0000000100000000, 0x0000000100000000)
  eden space 441344K, 0% used [0x00000000e0000000,0x00000000e0000000,0x00000000faf00000)
  from space 41472K, 0% used [0x00000000faf00000,0x00000000faf00000,0x00000000fd780000)
  to   space 41472K, 0% used [0x00000000fd780000,0x00000000fd780000,0x0000000100000000)
 ParOldGen       total 160256K, used 147964K [0x00000000a0000000, 0x00000000a9c80000, 0x00000000e0000000)
  object space 160256K, 92% used [0x00000000a0000000,0x00000000a907f040,0x00000000a9c80000)
 Metaspace       used 90078K, capacity 93786K, committed 94936K, reserved 1132544K
  class space    used 11314K, capacity 12001K, committed 12288K, reserved 1048576K
GC Heap History (10 events):
Event: 10914,443 GC heap after
Heap after GC invocations=27 (full 6):
 PSYoungGen      total 479232K, used 9769K [0x00000000e0000000, 0x00000000ffd00000, 0x0000000100000000)
  eden space 468992K, 0% used [0x00000000e0000000,0x00000000e0000000,0x00000000fca00000)
  from space 10240K, 95% used [0x00000000fca00000,0x00000000fd38a758,0x00000000fd400000)
  to   space 26112K, 0% used [0x00000000fe380000,0x00000000fe380000,0x00000000ffd00000)
 ParOldGen       total 160256K, used 30802K [0x00000000a0000000, 0x00000000a9c80000, 0x00000000e0000000)
  object space 160256K, 19% used [0x00000000a0000000,0x00000000a1e14938,0x00000000a9c80000)
 Metaspace       used 82574K, capacity 85692K, committed 88152K, reserved 1126400K
  class space    used 10546K, capacity 11155K, committed 11648K, reserved 1048576K
}
Event: 11326,580 GC heap before
{Heap before GC invocations=28 (full 6):
 PSYoungGen      total 479232K, used 478761K [0x00000000e0000000, 0x00000000ffd00000, 0x0000000100000000)
  eden space 468992K, 100% used [0x00000000e0000000,0x00000000fca00000,0x00000000fca00000)
  from space 10240K, 95% used [0x00000000fca00000,0x00000000fd38a758,0x00000000fd400000)
  to   space 26112K, 0% used [0x00000000fe380000,0x00000000fe380000,0x00000000ffd00000)
 ParOldGen       total 160256K, used 30802K [0x00000000a0000000, 0x00000000a9c80000, 0x00000000e0000000)
  object space 160256K, 19% used [0x00000000a0000000,0x00000000a1e14938,0x00000000a9c80000)
 Metaspace       used 83462K, capacity 87074K, committed 88408K, reserved 1126400K
  class space    used 10635K, capacity 11319K, committed 11648K, reserved 1048576K
Event: 11326,591 GC heap after
Heap after GC invocations=28 (full 6):
 PSYoungGen      total 496640K, used 12204K [0x00000000e0000000, 0x0000000100000000, 0x0000000100000000)
  eden space 470528K, 0% used [0x00000000e0000000,0x00000000e0000000,0x00000000fcb80000)
  from space 26112K, 46% used [0x00000000fe380000,0x00000000fef6b288,0x00000000ffd00000)
  to   space 24576K, 0% used [0x00000000fcb80000,0x00000000fcb80000,0x00000000fe380000)
 ParOldGen       total 160256K, used 30810K [0x00000000a0000000, 0x00000000a9c80000, 0x00000000e0000000)
  object space 160256K, 19% used [0x00000000a0000000,0x00000000a1e16938,0x00000000a9c80000)
 Metaspace       used 83462K, capacity 87074K, committed 88408K, reserved 1126400K
  class space    used 10635K, capacity 11319K, committed 11648K, reserved 1048576K
}
Event: 11336,005 GC heap before
{Heap before GC invocations=29 (full 6):
 PSYoungGen      total 496640K, used 482732K [0x00000000e0000000, 0x0000000100000000, 0x0000000100000000)
  eden space 470528K, 100% used [0x00000000e0000000,0x00000000fcb80000,0x00000000fcb80000)
  from space 26112K, 46% used [0x00000000fe380000,0x00000000fef6b288,0x00000000ffd00000)
  to   space 24576K, 0% used [0x00000000fcb80000,0x00000000fcb80000,0x00000000fe380000)
 ParOldGen       total 160256K, used 30810K [0x00000000a0000000, 0x00000000a9c80000, 0x00000000e0000000)
  object space 160256K, 19% used [0x00000000a0000000,0x00000000a1e16938,0x00000000a9c80000)
 Metaspace       used 87428K, capacity 91166K, committed 92504K, reserved 1130496K
  class space    used 11136K, capacity 11853K, committed 12160K, reserved 1048576K
Event: 11336,021 GC heap after
Heap after GC invocations=29 (full 6):
 PSYoungGen      total 495104K, used 24090K [0x00000000e0000000, 0x0000000100000000, 0x0000000100000000)
  eden space 470528K, 0% used [0x00000000e0000000,0x00000000e0000000,0x00000000fcb80000)
  from space 24576K, 98% used [0x00000000fcb80000,0x00000000fe306868,0x00000000fe380000)
  to   space 28160K, 0% used [0x00000000fe480000,0x00000000fe480000,0x0000000100000000)
 ParOldGen       total 160256K, used 30818K [0x00000000a0000000, 0x00000000a9c80000, 0x00000000e0000000)
  object space 160256K, 19% used [0x00000000a0000000,0x00000000a1e18938,0x00000000a9c80000)
 Metaspace       used 87428K, capacity 91166K, committed 92504K, reserved 1130496K
  class space    used 11136K, capacity 11853K, committed 12160K, reserved 1048576K
}
Event: 11338,794 GC heap before
{Heap before GC invocations=30 (full 6):
 PSYoungGen      total 495104K, used 494618K [0x00000000e0000000, 0x0000000100000000, 0x0000000100000000)
  eden space 470528K, 100% used [0x00000000e0000000,0x00000000fcb80000,0x00000000fcb80000)
  from space 24576K, 98% used [0x00000000fcb80000,0x00000000fe306868,0x00000000fe380000)
  to   space 28160K, 0% used [0x00000000fe480000,0x00000000fe480000,0x0000000100000000)
 ParOldGen       total 160256K, used 30818K [0x00000000a0000000, 0x00000000a9c80000, 0x00000000e0000000)
  object space 160256K, 19% used [0x00000000a0000000,0x00000000a1e18938,0x00000000a9c80000)
 Metaspace       used 89890K, capacity 93576K, committed 94680K, reserved 1132544K
  class space    used 11308K, capacity 12000K, committed 12288K, reserved 1048576K
Event: 11338,849 GC heap after
Heap after GC invocations=30 (full 6):
 PSYoungGen      total 469504K, used 28139K [0x00000000e0000000, 0x0000000100000000, 0x0000000100000000)
  eden space 441344K, 0% used [0x00000000e0000000,0x00000000e0000000,0x00000000faf00000)
  from space 28160K, 99% used [0x00000000fe480000,0x00000000ffffae58,0x0000000100000000)
  to   space 41472K, 0% used [0x00000000faf00000,0x00000000faf00000,0x00000000fd780000)
 ParOldGen       total 160256K, used 56064K [0x00000000a0000000, 0x00000000a9c80000, 0x00000000e0000000)
  object space 160256K, 34% used [0x00000000a0000000,0x00000000a36c03c0,0x00000000a9c80000)
 Metaspace       used 89890K, capacity 93576K, committed 94680K, reserved 1132544K
  class space    used 11308K, capacity 12000K, committed 12288K, reserved 1048576K
}
Event: 11339,692 GC heap before
{Heap before GC invocations=31 (full 6):
 PSYoungGen      total 469504K, used 469483K [0x00000000e0000000, 0x0000000100000000, 0x0000000100000000)
  eden space 441344K, 100% used [0x00000000e0000000,0x00000000faf00000,0x00000000faf00000)
  from space 28160K, 99% used [0x00000000fe480000,0x00000000ffffae58,0x0000000100000000)
  to   space 41472K, 0% used [0x00000000faf00000,0x00000000faf00000,0x00000000fd780000)
 ParOldGen       total 160256K, used 56064K [0x00000000a0000000, 0x00000000a9c80000, 0x00000000e0000000)
  object space 160256K, 34% used [0x00000000a0000000,0x00000000a36c03c0,0x00000000a9c80000)
 Metaspace       used 90078K, capacity 93786K, committed 94936K, reserved 1132544K
  class space    used 11314K, capacity 12001K, committed 12288K, reserved 1048576K
Event: 11339,786 GC heap after
Heap after GC invocations=31 (full 6):
 PSYoungGen      total 482816K, used 41442K [0x00000000e0000000, 0x0000000100000000, 0x0000000100000000)
  eden space 441344K, 0% used [0x00000000e0000000,0x00000000e0000000,0x00000000faf00000)
  from space 41472K, 99% used [0x00000000faf00000,0x00000000fd778ad0,0x00000000fd780000)
  to   space 41472K, 0% used [0x00000000fd780000,0x00000000fd780000,0x0000000100000000)
 ParOldGen       total 160256K, used 125416K [0x00000000a0000000, 0x00000000a9c80000, 0x00000000e0000000)
  object space 160256K, 78% used [0x00000000a0000000,0x00000000a7a7a0c0,0x00000000a9c80000)
 Metaspace       used 90078K, capacity 93786K, committed 94936K, reserved 1132544K
  class space    used 11314K, capacity 12001K, committed 12288K, reserved 1048576K
}
Event: 11339,786 GC heap before
{Heap before GC invocations=32 (full 7):
 PSYoungGen      total 482816K, used 41442K [0x00000000e0000000, 0x0000000100000000, 0x0000000100000000)
  eden space 441344K, 0% used [0x00000000e0000000,0x00000000e0000000,0x00000000faf00000)
  from space 41472K, 99% used [0x00000000faf00000,0x00000000fd778ad0,0x00000000fd780000)
  to   space 41472K, 0% used [0x00000000fd780000,0x00000000fd780000,0x0000000100000000)
 ParOldGen       total 160256K, used 125416K [0x00000000a0000000, 0x00000000a9c80000, 0x00000000e0000000)
  object space 160256K, 78% used [0x00000000a0000000,0x00000000a7a7a0c0,0x00000000a9c80000)
 Metaspace       used 90078K, capacity 93786K, committed 94936K, reserved 1132544K
  class space    used 11314K, capacity 12001K, committed 12288K, reserved 1048576K

